<?xml version="1.0" encoding="UTF-8"?>
<!-- Generated by org.testng.reporters.JUnitXMLReporter -->
<testsuite ignored="0" hostname="DESKTOP-MKAVVM2" failures="1" tests="9" name="CRM APP TEST" time="136.946" errors="0" timestamp="11 Feb 2019 19:30:54 GMT">
  <testcase classname="com.crm.qa.testcases.Loginpagetest" name="checkalllinks" time="0.155"/>
  <testcase classname="com.crm.qa.testcases.Loginpagetest" name="logintest" time="7.84"/>
  <testcase classname="com.crm.qa.testcases.Loginpagetest" name="validateloginpagetitletest" time="0.013"/>
  <testcase classname="com.crm.qa.testcases.Homepagetest" name="clickOnAddNewContact" time="0.615"/>
  <testcase classname="com.crm.qa.testcases.Homepagetest" name="verifycontactslinkTest" time="0.169"/>
  <testcase classname="com.crm.qa.testcases.Homepagetest" name="verifyhomepagetitletest" time="0.012"/>
  <testcase classname="com.crm.qa.testcases.Homepagetest" name="verifyusernametest" time="0.085"/>
  <testcase classname="com.crm.qa.testcases.Contactspagetest" name="selectcontactbynametest" time="3.386">
    <failure type="org.openqa.selenium.InvalidSelectorException" message="invalid selector: Unable to locate an element with the xpath expression //a[text()=&amp;apos;Pankaj Shinde&amp;apos;]//parent::td[@class=&amp;apos;datalistrow&amp;apos;]preceding-sibling::td[@class=&amp;apos;datalistrow&amp;apos;]//input[@name=&amp;apos;&amp;apos;contact_id] because of the following error:
SyntaxError: Failed to execute &amp;apos;evaluate&amp;apos; on &amp;apos;Document&amp;apos;: The string &amp;apos;//a[text()=&amp;apos;Pankaj Shinde&amp;apos;]//parent::td[@class=&amp;apos;datalistrow&amp;apos;]preceding-sibling::td[@class=&amp;apos;datalistrow&amp;apos;]//input[@name=&amp;apos;&amp;apos;contact_id]&amp;apos; is not a valid XPath expression.
  (Session info: chrome=71.0.3578.98)
  (Driver info: chromedriver=2.35.528161 (5b82f2d2aae0ca24b877009200ced9065a772e73),platform=Windows NT 10.0.17134 x86_64) (WARNING: The server did not provide any stacktrace information)
Command duration or timeout: 0 milliseconds
For documentation on this error, please visit: https://www.seleniumhq.org/exceptions/invalid_selector_exception.html
Build info: version: &amp;apos;3.141.59&amp;apos;, revision: &amp;apos;e82be7d358&amp;apos;, time: &amp;apos;2018-11-14T08:17:03&amp;apos;
System info: host: &amp;apos;DESKTOP-MKAVVM2&amp;apos;, ip: &amp;apos;192.168.1.105&amp;apos;, os.name: &amp;apos;Windows 10&amp;apos;, os.arch: &amp;apos;amd64&amp;apos;, os.version: &amp;apos;10.0&amp;apos;, java.version: &amp;apos;9.0.4&amp;apos;
Driver info: org.openqa.selenium.chrome.ChromeDriver
Capabilities {acceptInsecureCerts: false, acceptSslCerts: false, applicationCacheEnabled: false, browserConnectionEnabled: false, browserName: chrome, chrome: {chromedriverVersion: 2.35.528161 (5b82f2d2aae0ca..., userDataDir: C:\Users\Pankaj\AppData\Loc...}, cssSelectorsEnabled: true, databaseEnabled: false, handlesAlerts: true, hasTouchScreen: false, javascriptEnabled: true, locationContextEnabled: true, mobileEmulationEnabled: false, nativeEvents: true, networkConnectionEnabled: false, pageLoadStrategy: normal, platform: XP, platformName: XP, rotatable: false, setWindowRect: true, takesHeapSnapshot: true, takesScreenshot: true, unexpectedAlertBehaviour: , unhandledPromptBehavior: , version: 71.0.3578.98, webStorageEnabled: true}
Session ID: 26eaee6cc77266a2f4846cfd353fbf7f
*** Element info: {Using=xpath, value=//a[text()=&amp;apos;Pankaj Shinde&amp;apos;]//parent::td[@class=&amp;apos;datalistrow&amp;apos;]preceding-sibling::td[@class=&amp;apos;datalistrow&amp;apos;]//input[@name=&amp;apos;&amp;apos;contact_id]}">
      <![CDATA[org.openqa.selenium.InvalidSelectorException: invalid selector: Unable to locate an element with the xpath expression //a[text()='Pankaj Shinde']//parent::td[@class='datalistrow']preceding-sibling::td[@class='datalistrow']//input[@name=''contact_id] because of the following error:
SyntaxError: Failed to execute 'evaluate' on 'Document': The string '//a[text()='Pankaj Shinde']//parent::td[@class='datalistrow']preceding-sibling::td[@class='datalistrow']//input[@name=''contact_id]' is not a valid XPath expression.
  (Session info: chrome=71.0.3578.98)
  (Driver info: chromedriver=2.35.528161 (5b82f2d2aae0ca24b877009200ced9065a772e73),platform=Windows NT 10.0.17134 x86_64) (WARNING: The server did not provide any stacktrace information)
Command duration or timeout: 0 milliseconds
For documentation on this error, please visit: https://www.seleniumhq.org/exceptions/invalid_selector_exception.html
Build info: version: '3.141.59', revision: 'e82be7d358', time: '2018-11-14T08:17:03'
System info: host: 'DESKTOP-MKAVVM2', ip: '192.168.1.105', os.name: 'Windows 10', os.arch: 'amd64', os.version: '10.0', java.version: '9.0.4'
Driver info: org.openqa.selenium.chrome.ChromeDriver
Capabilities {acceptInsecureCerts: false, acceptSslCerts: false, applicationCacheEnabled: false, browserConnectionEnabled: false, browserName: chrome, chrome: {chromedriverVersion: 2.35.528161 (5b82f2d2aae0ca..., userDataDir: C:\Users\Pankaj\AppData\Loc...}, cssSelectorsEnabled: true, databaseEnabled: false, handlesAlerts: true, hasTouchScreen: false, javascriptEnabled: true, locationContextEnabled: true, mobileEmulationEnabled: false, nativeEvents: true, networkConnectionEnabled: false, pageLoadStrategy: normal, platform: XP, platformName: XP, rotatable: false, setWindowRect: true, takesHeapSnapshot: true, takesScreenshot: true, unexpectedAlertBehaviour: , unhandledPromptBehavior: , version: 71.0.3578.98, webStorageEnabled: true}
Session ID: 26eaee6cc77266a2f4846cfd353fbf7f
*** Element info: {Using=xpath, value=//a[text()='Pankaj Shinde']//parent::td[@class='datalistrow']preceding-sibling::td[@class='datalistrow']//input[@name=''contact_id]}
at org.openqa.selenium.remote.ErrorHandler.createThrowable(ErrorHandler.java:214)
at org.openqa.selenium.remote.ErrorHandler.throwIfResponseFailed(ErrorHandler.java:166)
at org.openqa.selenium.remote.http.JsonHttpResponseCodec.reconstructValue(JsonHttpResponseCodec.java:40)
at org.openqa.selenium.remote.http.AbstractHttpResponseCodec.decode(AbstractHttpResponseCodec.java:80)
at org.openqa.selenium.remote.http.AbstractHttpResponseCodec.decode(AbstractHttpResponseCodec.java:44)
at org.openqa.selenium.remote.HttpCommandExecutor.execute(HttpCommandExecutor.java:158)
at org.openqa.selenium.remote.service.DriverCommandExecutor.execute(DriverCommandExecutor.java:83)
at org.openqa.selenium.remote.RemoteWebDriver.execute(RemoteWebDriver.java:552)
at org.openqa.selenium.remote.RemoteWebDriver.findElement(RemoteWebDriver.java:323)
at org.openqa.selenium.remote.RemoteWebDriver.findElementByXPath(RemoteWebDriver.java:428)
at org.openqa.selenium.By$ByXPath.findElement(By.java:353)
at org.openqa.selenium.remote.RemoteWebDriver.findElement(RemoteWebDriver.java:315)
at org.openqa.selenium.support.events.EventFiringWebDriver.lambda$new$1(EventFiringWebDriver.java:105)
at com.sun.proxy.$Proxy10.findElement(Unknown Source)
at org.openqa.selenium.support.events.EventFiringWebDriver.findElement(EventFiringWebDriver.java:194)
at com.crm.qa.pages.Contactspage.selectcontactbyname(Contactspage.java:35)
at com.crm.qa.testcases.Contactspagetest.selectcontactbynametest(Contactspagetest.java:55)
... Removed 32 stack frames]]>
    </failure>
  </testcase> <!-- selectcontactbynametest -->
  <testcase classname="com.crm.qa.testcases.Contactspagetest" name="verifycontactslabletest" time="3.065"/>
</testsuite> <!-- CRM APP TEST -->
